2024-08-30 02:27:48 DEBUG Selenium Manager binary found at: C:\Users\KenKen\AppData\Local\Programs\Python\Python312\Lib\site-packages\selenium\webdriver\common\windows\selenium-manager.exe
2024-08-30 02:27:48 DEBUG Executing process: C:\Users\KenKen\AppData\Local\Programs\Python\Python312\Lib\site-packages\selenium\webdriver\common\windows\selenium-manager.exe --browser chrome --debug --output json
2024-08-30 02:27:49 DEBUG chromedriver not found in PATH
2024-08-30 02:27:49 DEBUG chrome detected at C:\Program Files\Google\Chrome\Application\chrome.exe
2024-08-30 02:27:49 DEBUG Running command: wmic datafile where name='C:\\Program Files\\Google\\Chrome\\Application\\chrome.exe' get Version /value
2024-08-30 02:27:49 DEBUG Output: ""
2024-08-30 02:27:49 DEBUG Running command: REG QUERY HKCU\Software\Google\Chrome\BLBeacon /v version
2024-08-30 02:27:49 DEBUG Output: "\r\nHKEY_CURRENT_USER\\Software\\Google\\Chrome\\BLBeacon\r\n    version    REG_SZ    128.0.6613.85\r\n"
2024-08-30 02:27:49 DEBUG Detected browser: chrome 128.0.6613.85
2024-08-30 02:27:49 DEBUG Required driver: chromedriver 128.0.6613.86
2024-08-30 02:27:49 DEBUG chromedriver 128.0.6613.86 already in the cache
2024-08-30 02:27:49 DEBUG Driver path: C:\Users\KenKen\.cache\selenium\chromedriver\win64\128.0.6613.86\chromedriver.exe
2024-08-30 02:27:49 DEBUG Browser path: C:\Program Files\Google\Chrome\Application\chrome.exe
2024-08-30 02:27:49 DEBUG Using driver at: C:\Users\KenKen\.cache\selenium\chromedriver\win64\128.0.6613.86\chromedriver.exe
2024-08-30 02:27:49 DEBUG Started executable: `C:\Users\KenKen\.cache\selenium\chromedriver\win64\128.0.6613.86\chromedriver.exe` in a child process with pid: 17140
2024-08-30 02:27:49 DEBUG POST http://localhost:49881/session {"capabilities": {"firstMatch": [{}], "alwaysMatch": {"browserName": "chrome", "pageLoadStrategy": "normal", "browserVersion": null, "goog:chromeOptions": {"extensions": [], "binary": "C:\\Program Files\\Google\\Chrome\\Application\\chrome.exe", "args": ["--start-maximized"]}}}}
2024-08-30 02:27:49 DEBUG Starting new HTTP connection (1): localhost:49881
2024-08-30 02:27:51 DEBUG http://localhost:49881 "POST /session HTTP/1.1" 200 0
2024-08-30 02:27:51 DEBUG Remote response: status=200 | data={"value":{"capabilities":{"acceptInsecureCerts":false,"browserName":"chrome","browserVersion":"128.0.6613.85","chrome":{"chromedriverVersion":"128.0.6613.86 (3045ed680fdab64f784f3b366cfe74adbdf6ff01-refs/branch-heads/6613@{#1337})","userDataDir":"C:\\Users\\KenKen\\AppData\\Local\\Temp\\scoped_dir17140_104133247"},"fedcm:accounts":true,"goog:chromeOptions":{"debuggerAddress":"localhost:49884"},"networkConnectionEnabled":false,"pageLoadStrategy":"normal","platformName":"windows","proxy":{},"setWindowRect":true,"strictFileInteractability":false,"timeouts":{"implicit":0,"pageLoad":300000,"script":30000},"unhandledPromptBehavior":"dismiss and notify","webauthn:extension:credBlob":true,"webauthn:extension:largeBlob":true,"webauthn:extension:minPinLength":true,"webauthn:extension:prf":true,"webauthn:virtualAuthenticators":true},"sessionId":"24fac33cde1a856862a00bc67d0d71db"}} | headers=HTTPHeaderDict({'Content-Length': '882', 'Content-Type': 'application/json; charset=utf-8', 'cache-control': 'no-cache'})
2024-08-30 02:27:51 DEBUG Finished Request
2024-08-30 02:27:51 DEBUG POST http://localhost:49881/session/24fac33cde1a856862a00bc67d0d71db/url {"url": "https://www.kilimall.co.ke/login"}
2024-08-30 02:28:03 DEBUG http://localhost:49881 "POST /session/24fac33cde1a856862a00bc67d0d71db/url HTTP/1.1" 200 0
2024-08-30 02:28:03 DEBUG Remote response: status=200 | data={"value":null} | headers=HTTPHeaderDict({'Content-Length': '14', 'Content-Type': 'application/json; charset=utf-8', 'cache-control': 'no-cache'})
2024-08-30 02:28:03 DEBUG Finished Request
2024-08-30 02:28:08 DEBUG POST http://localhost:49881/session/24fac33cde1a856862a00bc67d0d71db/element {"using": "css selector", "value": "[name=\"account\"]"}
2024-08-30 02:28:08 DEBUG http://localhost:49881 "POST /session/24fac33cde1a856862a00bc67d0d71db/element HTTP/1.1" 200 0
2024-08-30 02:28:08 DEBUG Remote response: status=200 | data={"value":{"element-6066-11e4-a52e-4f735466cecf":"f.0C29A0B57DAB05099C4CF4D009436001.d.C4FE33AE57BE10245FC1A93BF8B20669.e.15"}} | headers=HTTPHeaderDict({'Content-Length': '126', 'Content-Type': 'application/json; charset=utf-8', 'cache-control': 'no-cache'})
2024-08-30 02:28:08 DEBUG Finished Request
2024-08-30 02:28:08 DEBUG POST http://localhost:49881/session/24fac33cde1a856862a00bc67d0d71db/element/f.0C29A0B57DAB05099C4CF4D009436001.d.C4FE33AE57BE10245FC1A93BF8B20669.e.15/click {}
2024-08-30 02:28:08 DEBUG http://localhost:49881 "POST /session/24fac33cde1a856862a00bc67d0d71db/element/f.0C29A0B57DAB05099C4CF4D009436001.d.C4FE33AE57BE10245FC1A93BF8B20669.e.15/click HTTP/1.1" 200 0
2024-08-30 02:28:08 DEBUG Remote response: status=200 | data={"value":null} | headers=HTTPHeaderDict({'Content-Length': '14', 'Content-Type': 'application/json; charset=utf-8', 'cache-control': 'no-cache'})
2024-08-30 02:28:08 DEBUG Finished Request
2024-08-30 02:28:08 DEBUG POST http://localhost:49881/session/24fac33cde1a856862a00bc67d0d71db/element {"using": "css selector", "value": "[name=\"account\"]"}
2024-08-30 02:28:08 DEBUG http://localhost:49881 "POST /session/24fac33cde1a856862a00bc67d0d71db/element HTTP/1.1" 200 0
2024-08-30 02:28:08 DEBUG Remote response: status=200 | data={"value":{"element-6066-11e4-a52e-4f735466cecf":"f.0C29A0B57DAB05099C4CF4D009436001.d.C4FE33AE57BE10245FC1A93BF8B20669.e.15"}} | headers=HTTPHeaderDict({'Content-Length': '126', 'Content-Type': 'application/json; charset=utf-8', 'cache-control': 'no-cache'})
2024-08-30 02:28:08 DEBUG Finished Request
2024-08-30 02:28:08 DEBUG POST http://localhost:49881/session/24fac33cde1a856862a00bc67d0d71db/element/f.0C29A0B57DAB05099C4CF4D009436001.d.C4FE33AE57BE10245FC1A93BF8B20669.e.15/value {"text": "721356751", "value": ["7", "2", "1", "3", "5", "6", "7", "5", "1"]}
2024-08-30 02:28:08 DEBUG http://localhost:49881 "POST /session/24fac33cde1a856862a00bc67d0d71db/element/f.0C29A0B57DAB05099C4CF4D009436001.d.C4FE33AE57BE10245FC1A93BF8B20669.e.15/value HTTP/1.1" 200 0
2024-08-30 02:28:08 DEBUG Remote response: status=200 | data={"value":null} | headers=HTTPHeaderDict({'Content-Length': '14', 'Content-Type': 'application/json; charset=utf-8', 'cache-control': 'no-cache'})
2024-08-30 02:28:08 DEBUG Finished Request
2024-08-30 02:28:08 DEBUG POST http://localhost:49881/session/24fac33cde1a856862a00bc67d0d71db/element {"using": "css selector", "value": "[name=\"password\"]"}
2024-08-30 02:28:08 DEBUG http://localhost:49881 "POST /session/24fac33cde1a856862a00bc67d0d71db/element HTTP/1.1" 200 0
2024-08-30 02:28:08 DEBUG Remote response: status=200 | data={"value":{"element-6066-11e4-a52e-4f735466cecf":"f.0C29A0B57DAB05099C4CF4D009436001.d.C4FE33AE57BE10245FC1A93BF8B20669.e.16"}} | headers=HTTPHeaderDict({'Content-Length': '126', 'Content-Type': 'application/json; charset=utf-8', 'cache-control': 'no-cache'})
2024-08-30 02:28:08 DEBUG Finished Request
2024-08-30 02:28:08 DEBUG POST http://localhost:49881/session/24fac33cde1a856862a00bc67d0d71db/element/f.0C29A0B57DAB05099C4CF4D009436001.d.C4FE33AE57BE10245FC1A93BF8B20669.e.16/value {"text": "@Kenya2023", "value": ["@", "K", "e", "n", "y", "a", "2", "0", "2", "3"]}
2024-08-30 02:28:08 DEBUG http://localhost:49881 "POST /session/24fac33cde1a856862a00bc67d0d71db/element/f.0C29A0B57DAB05099C4CF4D009436001.d.C4FE33AE57BE10245FC1A93BF8B20669.e.16/value HTTP/1.1" 200 0
2024-08-30 02:28:08 DEBUG Remote response: status=200 | data={"value":null} | headers=HTTPHeaderDict({'Content-Length': '14', 'Content-Type': 'application/json; charset=utf-8', 'cache-control': 'no-cache'})
2024-08-30 02:28:08 DEBUG Finished Request
2024-08-30 02:28:08 DEBUG POST http://localhost:49881/session/24fac33cde1a856862a00bc67d0d71db/element {"using": "css selector", "value": "[name=\"password\"]"}
2024-08-30 02:28:08 DEBUG http://localhost:49881 "POST /session/24fac33cde1a856862a00bc67d0d71db/element HTTP/1.1" 200 0
2024-08-30 02:28:08 DEBUG Remote response: status=200 | data={"value":{"element-6066-11e4-a52e-4f735466cecf":"f.0C29A0B57DAB05099C4CF4D009436001.d.C4FE33AE57BE10245FC1A93BF8B20669.e.16"}} | headers=HTTPHeaderDict({'Content-Length': '126', 'Content-Type': 'application/json; charset=utf-8', 'cache-control': 'no-cache'})
2024-08-30 02:28:08 DEBUG Finished Request
2024-08-30 02:28:08 DEBUG POST http://localhost:49881/session/24fac33cde1a856862a00bc67d0d71db/element/f.0C29A0B57DAB05099C4CF4D009436001.d.C4FE33AE57BE10245FC1A93BF8B20669.e.16/value {"text": "\ue007", "value": ["\ue007"]}
2024-08-30 02:28:08 DEBUG http://localhost:49881 "POST /session/24fac33cde1a856862a00bc67d0d71db/element/f.0C29A0B57DAB05099C4CF4D009436001.d.C4FE33AE57BE10245FC1A93BF8B20669.e.16/value HTTP/1.1" 200 0
2024-08-30 02:28:08 DEBUG Remote response: status=200 | data={"value":null} | headers=HTTPHeaderDict({'Content-Length': '14', 'Content-Type': 'application/json; charset=utf-8', 'cache-control': 'no-cache'})
2024-08-30 02:28:08 DEBUG Finished Request
2024-08-30 02:28:13 DEBUG Selenium Manager binary found at: C:\Users\KenKen\AppData\Local\Programs\Python\Python312\Lib\site-packages\selenium\webdriver\common\windows\selenium-manager.exe
2024-08-30 02:28:13 DEBUG Executing process: C:\Users\KenKen\AppData\Local\Programs\Python\Python312\Lib\site-packages\selenium\webdriver\common\windows\selenium-manager.exe --browser chrome --debug --output json
2024-08-30 02:28:14 DEBUG chromedriver not found in PATH
2024-08-30 02:28:14 DEBUG chrome detected at C:\Program Files\Google\Chrome\Application\chrome.exe
2024-08-30 02:28:14 DEBUG Running command: wmic datafile where name='C:\\Program Files\\Google\\Chrome\\Application\\chrome.exe' get Version /value
2024-08-30 02:28:14 DEBUG Output: ""
2024-08-30 02:28:14 DEBUG Running command: REG QUERY HKCU\Software\Google\Chrome\BLBeacon /v version
2024-08-30 02:28:14 DEBUG Output: "\r\nHKEY_CURRENT_USER\\Software\\Google\\Chrome\\BLBeacon\r\n    version    REG_SZ    128.0.6613.85\r\n"
2024-08-30 02:28:14 DEBUG Detected browser: chrome 128.0.6613.85
2024-08-30 02:28:14 DEBUG Required driver: chromedriver 128.0.6613.86
2024-08-30 02:28:14 DEBUG chromedriver 128.0.6613.86 already in the cache
2024-08-30 02:28:14 DEBUG Driver path: C:\Users\KenKen\.cache\selenium\chromedriver\win64\128.0.6613.86\chromedriver.exe
2024-08-30 02:28:14 DEBUG Browser path: C:\Program Files\Google\Chrome\Application\chrome.exe
2024-08-30 02:28:14 DEBUG Using driver at: C:\Users\KenKen\.cache\selenium\chromedriver\win64\128.0.6613.86\chromedriver.exe
2024-08-30 02:28:14 DEBUG Started executable: `C:\Users\KenKen\.cache\selenium\chromedriver\win64\128.0.6613.86\chromedriver.exe` in a child process with pid: 8148
2024-08-30 02:28:14 DEBUG POST http://localhost:49933/session {"capabilities": {"firstMatch": [{}], "alwaysMatch": {"browserName": "chrome", "pageLoadStrategy": "normal", "browserVersion": null, "goog:chromeOptions": {"extensions": [], "binary": "C:\\Program Files\\Google\\Chrome\\Application\\chrome.exe", "args": ["--start-maximized"]}}}}
2024-08-30 02:28:14 DEBUG Starting new HTTP connection (1): localhost:49933
2024-08-30 02:28:19 DEBUG http://localhost:49933 "POST /session HTTP/1.1" 200 0
2024-08-30 02:28:19 DEBUG Remote response: status=200 | data={"value":{"capabilities":{"acceptInsecureCerts":false,"browserName":"chrome","browserVersion":"128.0.6613.85","chrome":{"chromedriverVersion":"128.0.6613.86 (3045ed680fdab64f784f3b366cfe74adbdf6ff01-refs/branch-heads/6613@{#1337})","userDataDir":"C:\\Users\\KenKen\\AppData\\Local\\Temp\\scoped_dir8148_1680617583"},"fedcm:accounts":true,"goog:chromeOptions":{"debuggerAddress":"localhost:49938"},"networkConnectionEnabled":false,"pageLoadStrategy":"normal","platformName":"windows","proxy":{},"setWindowRect":true,"strictFileInteractability":false,"timeouts":{"implicit":0,"pageLoad":300000,"script":30000},"unhandledPromptBehavior":"dismiss and notify","webauthn:extension:credBlob":true,"webauthn:extension:largeBlob":true,"webauthn:extension:minPinLength":true,"webauthn:extension:prf":true,"webauthn:virtualAuthenticators":true},"sessionId":"2b813283073d4b40303ef7778a391764"}} | headers=HTTPHeaderDict({'Content-Length': '882', 'Content-Type': 'application/json; charset=utf-8', 'cache-control': 'no-cache'})
2024-08-30 02:28:19 DEBUG Finished Request
2024-08-30 02:28:19 DEBUG POST http://localhost:49933/session/2b813283073d4b40303ef7778a391764/url {"url": "https://www.kilimall.co.ke/login"}
2024-08-30 02:28:25 DEBUG http://localhost:49933 "POST /session/2b813283073d4b40303ef7778a391764/url HTTP/1.1" 200 0
2024-08-30 02:28:25 DEBUG Remote response: status=200 | data={"value":null} | headers=HTTPHeaderDict({'Content-Length': '14', 'Content-Type': 'application/json; charset=utf-8', 'cache-control': 'no-cache'})
2024-08-30 02:28:25 DEBUG Finished Request
2024-08-30 02:28:30 DEBUG POST http://localhost:49933/session/2b813283073d4b40303ef7778a391764/element {"using": "css selector", "value": "[name=\"account\"]"}
2024-08-30 02:28:53 DEBUG http://localhost:49933 "POST /session/2b813283073d4b40303ef7778a391764/element HTTP/1.1" 200 0
2024-08-30 02:28:53 DEBUG Remote response: status=200 | data={"value":{"element-6066-11e4-a52e-4f735466cecf":"f.D9DAA876C126714BEB10F0B49AC656AB.d.AB47442247F605EED9EDEF67F2E7B527.e.16"}} | headers=HTTPHeaderDict({'Content-Length': '126', 'Content-Type': 'application/json; charset=utf-8', 'cache-control': 'no-cache'})
2024-08-30 02:28:53 DEBUG Finished Request
2024-08-30 02:28:53 DEBUG POST http://localhost:49933/session/2b813283073d4b40303ef7778a391764/element/f.D9DAA876C126714BEB10F0B49AC656AB.d.AB47442247F605EED9EDEF67F2E7B527.e.16/click {}
2024-08-30 02:28:53 DEBUG http://localhost:49933 "POST /session/2b813283073d4b40303ef7778a391764/element/f.D9DAA876C126714BEB10F0B49AC656AB.d.AB47442247F605EED9EDEF67F2E7B527.e.16/click HTTP/1.1" 200 0
2024-08-30 02:28:53 DEBUG Remote response: status=200 | data={"value":null} | headers=HTTPHeaderDict({'Content-Length': '14', 'Content-Type': 'application/json; charset=utf-8', 'cache-control': 'no-cache'})
2024-08-30 02:28:53 DEBUG Finished Request
2024-08-30 02:28:53 DEBUG POST http://localhost:49933/session/2b813283073d4b40303ef7778a391764/element {"using": "css selector", "value": "[name=\"account\"]"}
2024-08-30 02:28:53 DEBUG http://localhost:49933 "POST /session/2b813283073d4b40303ef7778a391764/element HTTP/1.1" 200 0
2024-08-30 02:28:53 DEBUG Remote response: status=200 | data={"value":{"element-6066-11e4-a52e-4f735466cecf":"f.D9DAA876C126714BEB10F0B49AC656AB.d.AB47442247F605EED9EDEF67F2E7B527.e.16"}} | headers=HTTPHeaderDict({'Content-Length': '126', 'Content-Type': 'application/json; charset=utf-8', 'cache-control': 'no-cache'})
2024-08-30 02:28:53 DEBUG Finished Request
2024-08-30 02:28:53 DEBUG POST http://localhost:49933/session/2b813283073d4b40303ef7778a391764/element/f.D9DAA876C126714BEB10F0B49AC656AB.d.AB47442247F605EED9EDEF67F2E7B527.e.16/value {"text": "721356751", "value": ["7", "2", "1", "3", "5", "6", "7", "5", "1"]}
2024-08-30 02:28:53 DEBUG http://localhost:49933 "POST /session/2b813283073d4b40303ef7778a391764/element/f.D9DAA876C126714BEB10F0B49AC656AB.d.AB47442247F605EED9EDEF67F2E7B527.e.16/value HTTP/1.1" 200 0
2024-08-30 02:28:53 DEBUG Remote response: status=200 | data={"value":null} | headers=HTTPHeaderDict({'Content-Length': '14', 'Content-Type': 'application/json; charset=utf-8', 'cache-control': 'no-cache'})
2024-08-30 02:28:53 DEBUG Finished Request
2024-08-30 02:28:53 DEBUG POST http://localhost:49933/session/2b813283073d4b40303ef7778a391764/element {"using": "css selector", "value": "[name=\"password\"]"}
2024-08-30 02:28:53 DEBUG http://localhost:49933 "POST /session/2b813283073d4b40303ef7778a391764/element HTTP/1.1" 200 0
2024-08-30 02:28:53 DEBUG Remote response: status=200 | data={"value":{"element-6066-11e4-a52e-4f735466cecf":"f.D9DAA876C126714BEB10F0B49AC656AB.d.AB47442247F605EED9EDEF67F2E7B527.e.17"}} | headers=HTTPHeaderDict({'Content-Length': '126', 'Content-Type': 'application/json; charset=utf-8', 'cache-control': 'no-cache'})
2024-08-30 02:28:53 DEBUG Finished Request
2024-08-30 02:28:53 DEBUG POST http://localhost:49933/session/2b813283073d4b40303ef7778a391764/element/f.D9DAA876C126714BEB10F0B49AC656AB.d.AB47442247F605EED9EDEF67F2E7B527.e.17/value {"text": "@Kenya2023", "value": ["@", "K", "e", "n", "y", "a", "2", "0", "2", "3"]}
2024-08-30 02:28:53 DEBUG http://localhost:49933 "POST /session/2b813283073d4b40303ef7778a391764/element/f.D9DAA876C126714BEB10F0B49AC656AB.d.AB47442247F605EED9EDEF67F2E7B527.e.17/value HTTP/1.1" 200 0
2024-08-30 02:28:53 DEBUG Remote response: status=200 | data={"value":null} | headers=HTTPHeaderDict({'Content-Length': '14', 'Content-Type': 'application/json; charset=utf-8', 'cache-control': 'no-cache'})
2024-08-30 02:28:53 DEBUG Finished Request
2024-08-30 02:28:53 DEBUG POST http://localhost:49933/session/2b813283073d4b40303ef7778a391764/element {"using": "css selector", "value": "[name=\"password\"]"}
2024-08-30 02:28:53 DEBUG http://localhost:49933 "POST /session/2b813283073d4b40303ef7778a391764/element HTTP/1.1" 200 0
2024-08-30 02:28:53 DEBUG Remote response: status=200 | data={"value":{"element-6066-11e4-a52e-4f735466cecf":"f.D9DAA876C126714BEB10F0B49AC656AB.d.AB47442247F605EED9EDEF67F2E7B527.e.17"}} | headers=HTTPHeaderDict({'Content-Length': '126', 'Content-Type': 'application/json; charset=utf-8', 'cache-control': 'no-cache'})
2024-08-30 02:28:53 DEBUG Finished Request
2024-08-30 02:28:53 DEBUG POST http://localhost:49933/session/2b813283073d4b40303ef7778a391764/element/f.D9DAA876C126714BEB10F0B49AC656AB.d.AB47442247F605EED9EDEF67F2E7B527.e.17/value {"text": "\ue007", "value": ["\ue007"]}
2024-08-30 02:28:53 DEBUG http://localhost:49933 "POST /session/2b813283073d4b40303ef7778a391764/element/f.D9DAA876C126714BEB10F0B49AC656AB.d.AB47442247F605EED9EDEF67F2E7B527.e.17/value HTTP/1.1" 200 0
2024-08-30 02:28:53 DEBUG Remote response: status=200 | data={"value":null} | headers=HTTPHeaderDict({'Content-Length': '14', 'Content-Type': 'application/json; charset=utf-8', 'cache-control': 'no-cache'})
2024-08-30 02:28:53 DEBUG Finished Request
2024-08-30 02:28:58 DEBUG POST http://localhost:49933/session/2b813283073d4b40303ef7778a391764/element {"using": "css selector", "value": "[id=\"van-field-9-input\"]"}
2024-08-30 02:28:58 DEBUG http://localhost:49933 "POST /session/2b813283073d4b40303ef7778a391764/element HTTP/1.1" 200 0
2024-08-30 02:28:58 DEBUG Remote response: status=200 | data={"value":{"element-6066-11e4-a52e-4f735466cecf":"f.D9DAA876C126714BEB10F0B49AC656AB.d.AB47442247F605EED9EDEF67F2E7B527.e.29"}} | headers=HTTPHeaderDict({'Content-Length': '126', 'Content-Type': 'application/json; charset=utf-8', 'cache-control': 'no-cache'})
2024-08-30 02:28:58 DEBUG Finished Request
2024-08-30 02:28:58 DEBUG POST http://localhost:49933/session/2b813283073d4b40303ef7778a391764/element/f.D9DAA876C126714BEB10F0B49AC656AB.d.AB47442247F605EED9EDEF67F2E7B527.e.29/click {}
2024-08-30 02:28:58 DEBUG http://localhost:49933 "POST /session/2b813283073d4b40303ef7778a391764/element/f.D9DAA876C126714BEB10F0B49AC656AB.d.AB47442247F605EED9EDEF67F2E7B527.e.29/click HTTP/1.1" 200 0
2024-08-30 02:28:58 DEBUG Remote response: status=200 | data={"value":null} | headers=HTTPHeaderDict({'Content-Length': '14', 'Content-Type': 'application/json; charset=utf-8', 'cache-control': 'no-cache'})
2024-08-30 02:28:58 DEBUG Finished Request
2024-08-30 02:28:58 DEBUG POST http://localhost:49933/session/2b813283073d4b40303ef7778a391764/element/f.D9DAA876C126714BEB10F0B49AC656AB.d.AB47442247F605EED9EDEF67F2E7B527.e.29/value {"text": "Hennesy", "value": ["H", "e", "n", "n", "e", "s", "y"]}
2024-08-30 02:28:59 DEBUG http://localhost:49933 "POST /session/2b813283073d4b40303ef7778a391764/element/f.D9DAA876C126714BEB10F0B49AC656AB.d.AB47442247F605EED9EDEF67F2E7B527.e.29/value HTTP/1.1" 200 0
2024-08-30 02:28:59 DEBUG Remote response: status=200 | data={"value":null} | headers=HTTPHeaderDict({'Content-Length': '14', 'Content-Type': 'application/json; charset=utf-8', 'cache-control': 'no-cache'})
2024-08-30 02:28:59 DEBUG Finished Request
2024-08-30 02:28:59 DEBUG POST http://localhost:49933/session/2b813283073d4b40303ef7778a391764/element/f.D9DAA876C126714BEB10F0B49AC656AB.d.AB47442247F605EED9EDEF67F2E7B527.e.29/value {"text": "\ue015", "value": ["\ue015"]}
2024-08-30 02:28:59 DEBUG http://localhost:49933 "POST /session/2b813283073d4b40303ef7778a391764/element/f.D9DAA876C126714BEB10F0B49AC656AB.d.AB47442247F605EED9EDEF67F2E7B527.e.29/value HTTP/1.1" 200 0
2024-08-30 02:28:59 DEBUG Remote response: status=200 | data={"value":null} | headers=HTTPHeaderDict({'Content-Length': '14', 'Content-Type': 'application/json; charset=utf-8', 'cache-control': 'no-cache'})
2024-08-30 02:28:59 DEBUG Finished Request
2024-08-30 02:28:59 DEBUG POST http://localhost:49933/session/2b813283073d4b40303ef7778a391764/element/f.D9DAA876C126714BEB10F0B49AC656AB.d.AB47442247F605EED9EDEF67F2E7B527.e.29/value {"text": "\ue007", "value": ["\ue007"]}
2024-08-30 02:28:59 DEBUG http://localhost:49933 "POST /session/2b813283073d4b40303ef7778a391764/element/f.D9DAA876C126714BEB10F0B49AC656AB.d.AB47442247F605EED9EDEF67F2E7B527.e.29/value HTTP/1.1" 200 0
2024-08-30 02:28:59 DEBUG Remote response: status=200 | data={"value":null} | headers=HTTPHeaderDict({'Content-Length': '14', 'Content-Type': 'application/json; charset=utf-8', 'cache-control': 'no-cache'})
2024-08-30 02:28:59 DEBUG Finished Request
